2024-03-19 19:34:36 [INFO] Starting minecraft server version 1.5.2
2024-03-19 19:34:36 [INFO] Loading properties
2024-03-19 19:34:36 [INFO] Default game type: SURVIVAL
2024-03-19 19:34:36 [INFO] Generating keypair
2024-03-19 19:34:36 [INFO] Starting Minecraft server on 127.0.0.1:25569
2024-03-19 19:34:37 [INFO] This server is running CraftBukkit version git-Bukkit-1.5.2-R1.0-b2788jnks (MC: 1.5.2) (Implementing API version 1.5.2-R1.0)
2024-03-19 19:34:37 [WARNING] Failed to load operators list: java.io.FileNotFoundException: .\ops.txt (The system cannot find the file specified)
2024-03-19 19:34:37 [WARNING] Failed to load white-list: java.io.FileNotFoundException: .\white-list.txt (The system cannot find the file specified)
2024-03-19 19:34:37 [WARNING] **** SERVER IS RUNNING IN OFFLINE/INSECURE MODE!
2024-03-19 19:34:37 [WARNING] The server will make no attempt to authenticate usernames. Beware.
2024-03-19 19:34:37 [WARNING] While this makes the game possible to play without internet access, it also opens up the ability for hackers to connect with any username they choose.
2024-03-19 19:34:37 [WARNING] To change this, set "online-mode" to "true" in the server.properties file.
2024-03-19 19:34:37 [INFO] Preparing level "world"
2024-03-19 19:34:37 [INFO] Preparing start region for level 0 (Seed: -2818359543852900816)
2024-03-19 19:34:37 [SEVERE] Exception in thread "Thread-5" 
2024-03-19 19:34:37 [SEVERE] org.bukkit.craftbukkit.libs.com.google.gson.JsonSyntaxException: java.lang.IllegalStateException: Expected BEGIN_OBJECT but was STRING at line 1 column 7

2024-03-19 19:34:37 [SEVERE] 	at org.bukkit.craftbukkit.libs.com.google.gson.internal.bind.ReflectiveTypeAdapterFactory$Adapter.read(ReflectiveTypeAdapterFactory.java:180)

2024-03-19 19:34:37 [SEVERE] 	at org.bukkit.craftbukkit.libs.com.google.gson.Gson.fromJson(Gson.java:755)

2024-03-19 19:34:37 [SEVERE] 	at org.bukkit.craftbukkit.libs.com.google.gson.Gson.fromJson(Gson.java:694)

2024-03-19 19:34:37 [SEVERE] 	at org.bukkit.craftbukkit.v1_5_R3.updater.BukkitDLUpdaterService.fetchArtifact(BukkitDLUpdaterService.java:51)

2024-03-19 19:34:37 [SEVERE] 	at org.bukkit.craftbukkit.v1_5_R3.updater.BukkitDLUpdaterService.getArtifact(BukkitDLUpdaterService.java:28)

2024-03-19 19:34:37 [SEVERE] 	at org.bukkit.craftbukkit.v1_5_R3.updater.AutoUpdater$1.run(AutoUpdater.java:77)

2024-03-19 19:34:37 [SEVERE] Caused by: java.lang.IllegalStateException: Expected BEGIN_OBJECT but was STRING at line 1 column 7

2024-03-19 19:34:37 [SEVERE] 	at org.bukkit.craftbukkit.libs.com.google.gson.stream.JsonReader.expect(JsonReader.java:339)

2024-03-19 19:34:37 [SEVERE] 	at org.bukkit.craftbukkit.libs.com.google.gson.stream.JsonReader.beginObject(JsonReader.java:322)

2024-03-19 19:34:37 [SEVERE] 	at org.bukkit.craftbukkit.libs.com.google.gson.internal.bind.ReflectiveTypeAdapterFactory$Adapter.read(ReflectiveTypeAdapterFactory.java:168)

2024-03-19 19:34:37 [SEVERE] 	... 5 more

2024-03-19 19:34:38 [INFO] Preparing spawn area: 12%
2024-03-19 19:34:39 [INFO] Preparing spawn area: 33%
2024-03-19 19:34:40 [INFO] Preparing spawn area: 58%
2024-03-19 19:34:41 [INFO] Preparing spawn area: 78%
2024-03-19 19:34:42 [INFO] Preparing spawn area: 99%
2024-03-19 19:34:42 [INFO] Preparing start region for level 1 (Seed: -2818359543852900816)
